[2022-09-28T16:34:18.997] [DEBUG] cheese - login => username:zs,password:123456
[2022-09-28T16:34:18.999] [DEBUG] cheese - zs
[2022-09-28T16:34:19.008] [DEBUG] cheese - null
[2022-09-28T16:34:19.009] [DEBUG] cheese - null
[2022-09-28T18:55:14.546] [DEBUG] cheese - login => username:123,password:123451234
[2022-09-28T18:55:14.548] [DEBUG] cheese - 123
[2022-09-28T18:55:14.580] [DEBUG] cheese - null
[2022-09-28T18:55:14.580] [DEBUG] cheese - null
[2022-09-28T18:58:04.147] [DEBUG] cheese - login => username:123,password:123456
[2022-09-28T19:01:45.728] [DEBUG] cheese - login => username:1234,password:12234555
[2022-09-28T19:01:45.730] [DEBUG] cheese - 1234
[2022-09-28T19:01:45.750] [DEBUG] cheese - null
[2022-09-28T19:01:45.751] [DEBUG] cheese - null
[2022-09-28T19:27:14.925] [DEBUG] cheese - login => username:admin,password:123456
[2022-09-28T19:27:14.925] [DEBUG] cheese - admin
[2022-09-28T19:27:14.938] [DEBUG] cheese - null
[2022-09-28T19:27:14.939] [DEBUG] cheese - null
[2022-09-28T19:37:52.771] [DEBUG] cheese - login => username:admin,password:123456
[2022-09-28T19:37:52.771] [DEBUG] cheese - admin
[2022-09-28T19:37:52.774] [DEBUG] cheese - null
[2022-09-28T19:37:52.774] [DEBUG] cheese - null
[2022-09-28T19:51:36.553] [DEBUG] cheese - login => username:admin,password:123456
[2022-09-28T19:51:36.553] [DEBUG] cheese - admin
[2022-09-28T19:51:36.557] [DEBUG] cheese - null
[2022-09-28T19:51:36.557] [DEBUG] cheese - null
[2022-09-28T19:55:06.499] [DEBUG] cheese - login => username:admin,password:123456
[2022-09-28T19:55:06.499] [DEBUG] cheese - admin
[2022-09-28T19:55:06.507] [DEBUG] cheese - null
[2022-09-28T19:55:06.508] [DEBUG] cheese - null
[2022-09-28T19:55:31.161] [DEBUG] cheese - login => username:admin,password:123456
[2022-09-28T19:55:31.161] [DEBUG] cheese - admin
[2022-09-28T19:55:31.162] [DEBUG] cheese - null
[2022-09-28T19:55:31.163] [DEBUG] cheese - null
[2022-09-28T21:38:35.365] [DEBUG] cheese - login => username:admin,password:123456
[2022-09-28T21:38:35.366] [DEBUG] cheese - admin
[2022-09-28T21:38:35.370] [DEBUG] cheese - null
[2022-09-28T21:38:35.370] [DEBUG] cheese - null
[2022-09-28T21:49:28.049] [DEBUG] cheese - login => username:admin,password:123456
[2022-09-28T21:49:28.049] [DEBUG] cheese - admin
[2022-09-28T21:49:28.052] [DEBUG] cheese - null
[2022-09-28T21:49:28.052] [DEBUG] cheese - null
[2022-09-28T22:29:17.122] [DEBUG] cheese - login => username:admin,password:123456
[2022-09-28T22:29:17.124] [DEBUG] cheese - admin
[2022-09-28T22:29:17.135] [DEBUG] cheese - null
[2022-09-28T22:29:17.135] [DEBUG] cheese - null
[2022-09-28T23:21:33.322] [DEBUG] cheese - login => username:admin,password:123456
[2022-09-28T23:21:33.324] [DEBUG] cheese - admin
[2022-09-28T23:21:33.336] [DEBUG] cheese - null
[2022-09-28T23:21:33.336] [DEBUG] cheese - null
[2022-09-28T23:36:14.002] [DEBUG] cheese - login => username:admin,password:123456
[2022-09-28T23:36:14.002] [DEBUG] cheese - admin
[2022-09-28T23:36:14.007] [DEBUG] cheese - null
[2022-09-28T23:36:14.007] [DEBUG] cheese - null
[2022-09-29T17:39:50.592] [DEBUG] cheese - login => username:admin,password:123456
[2022-09-29T17:39:50.594] [DEBUG] cheese - admin
[2022-09-29T17:39:50.613] [DEBUG] cheese - null
[2022-09-29T17:39:50.615] [DEBUG] cheese - null
[2022-09-29T17:54:19.740] [DEBUG] cheese - login => username:admin,password:123456
[2022-09-29T17:54:19.741] [DEBUG] cheese - admin
[2022-09-29T17:54:19.743] [DEBUG] cheese - null
[2022-09-29T17:54:19.744] [DEBUG] cheese - null
[2022-09-29T17:54:47.385] [DEBUG] cheese - login => username:admin,password:123456
[2022-09-29T17:54:47.386] [DEBUG] cheese - admin
[2022-09-29T17:54:47.388] [DEBUG] cheese - null
[2022-09-29T17:54:47.388] [DEBUG] cheese - null
[2022-09-29T18:53:44.950] [DEBUG] cheese - login => username:admin,password:123456
[2022-09-29T18:53:44.951] [DEBUG] cheese - admin
[2022-09-29T18:53:44.959] [DEBUG] cheese - null
[2022-09-29T18:53:44.959] [DEBUG] cheese - null
[2022-09-29T18:55:07.922] [DEBUG] cheese - login => username:admin,password:123456
[2022-09-29T18:55:07.923] [DEBUG] cheese - admin
[2022-09-29T18:55:07.925] [DEBUG] cheese - null
[2022-09-29T18:55:07.925] [DEBUG] cheese - null
[2022-09-29T18:55:35.498] [DEBUG] cheese - login => username:admin,password:123456
[2022-09-29T18:55:35.498] [DEBUG] cheese - admin
[2022-09-29T18:55:35.504] [DEBUG] cheese - null
[2022-09-29T18:55:35.505] [DEBUG] cheese - null
[2022-09-29T18:59:12.024] [DEBUG] cheese - login => username:admin,password:123456
[2022-09-29T18:59:12.024] [DEBUG] cheese - admin
[2022-09-29T18:59:12.026] [DEBUG] cheese - null
[2022-09-29T18:59:12.026] [DEBUG] cheese - null
[2022-09-29T19:02:14.506] [DEBUG] cheese - login => username:admin,password:123456
[2022-09-29T19:02:14.506] [DEBUG] cheese - admin
[2022-09-29T19:02:14.521] [DEBUG] cheese - null
[2022-09-29T19:02:14.521] [DEBUG] cheese - null
[2022-09-29T19:15:24.883] [DEBUG] cheese - login => username:admin,password:123456
[2022-09-29T19:15:24.883] [DEBUG] cheese - admin
[2022-09-29T19:15:24.887] [DEBUG] cheese - null
[2022-09-29T19:15:24.887] [DEBUG] cheese - null
[2022-09-29T19:45:35.279] [DEBUG] cheese - login => username:admin,password:123456
[2022-09-29T19:45:35.281] [DEBUG] cheese - admin
[2022-09-29T19:45:35.289] [DEBUG] cheese - null
[2022-09-29T19:45:35.289] [DEBUG] cheese - null
[2022-09-29T19:50:44.202] [DEBUG] cheese - login => username:admin,password:123456
[2022-09-29T19:50:44.202] [DEBUG] cheese - admin
[2022-09-29T19:50:44.206] [DEBUG] cheese - null
[2022-09-29T19:50:44.206] [DEBUG] cheese - null
[2022-09-29T19:52:57.637] [DEBUG] cheese - login => username:admin,password:123456
[2022-09-29T19:52:57.639] [DEBUG] cheese - admin
[2022-09-29T19:52:57.642] [DEBUG] cheese - null
[2022-09-29T19:52:57.642] [DEBUG] cheese - null
[2022-09-29T19:54:04.081] [DEBUG] cheese - login => username:admin,password:123456
[2022-09-29T19:54:04.081] [DEBUG] cheese - admin
[2022-09-29T19:54:04.084] [DEBUG] cheese - null
[2022-09-29T19:54:04.084] [DEBUG] cheese - null
[2022-09-29T19:58:34.949] [DEBUG] cheese - login => username:admin,password:123456
[2022-09-29T19:58:34.949] [DEBUG] cheese - admin
[2022-09-29T19:58:34.952] [DEBUG] cheese - null
[2022-09-29T19:58:34.952] [DEBUG] cheese - null
[2022-09-29T19:59:56.220] [DEBUG] cheese - login => username:admin,password:123456
[2022-09-29T19:59:56.220] [DEBUG] cheese - admin
[2022-09-29T19:59:56.222] [DEBUG] cheese - null
[2022-09-29T19:59:56.222] [DEBUG] cheese - null
[2022-09-29T20:03:54.653] [DEBUG] cheese - login => username:admin,password:123456
[2022-09-29T20:03:54.653] [DEBUG] cheese - admin
[2022-09-29T20:03:54.658] [DEBUG] cheese - null
[2022-09-29T20:03:54.658] [DEBUG] cheese - null
[2022-09-29T20:04:53.748] [DEBUG] cheese - login => username:admin,password:123456
[2022-09-29T20:04:53.748] [DEBUG] cheese - admin
[2022-09-29T20:04:53.756] [DEBUG] cheese - null
[2022-09-29T20:04:53.757] [DEBUG] cheese - null
[2022-09-29T20:05:53.893] [DEBUG] cheese - login => username:admin,password:123456
[2022-09-29T20:05:53.894] [DEBUG] cheese - admin
[2022-09-29T20:05:53.895] [DEBUG] cheese - null
[2022-09-29T20:05:53.895] [DEBUG] cheese - null
[2022-09-29T20:14:05.035] [DEBUG] cheese - login => username:admin,password:123456
[2022-09-29T20:14:05.035] [DEBUG] cheese - admin
[2022-09-29T20:14:05.040] [DEBUG] cheese - null
[2022-09-29T20:14:05.040] [DEBUG] cheese - null
[2022-09-29T20:15:28.927] [DEBUG] cheese - login => username:admin,password:123456
[2022-09-29T20:15:28.927] [DEBUG] cheese - admin
[2022-09-29T20:15:28.929] [DEBUG] cheese - null
[2022-09-29T20:15:28.929] [DEBUG] cheese - null
[2022-09-29T20:17:40.836] [DEBUG] cheese - login => username:admin,password:123456
[2022-09-29T20:17:40.836] [DEBUG] cheese - admin
[2022-09-29T20:17:40.838] [DEBUG] cheese - null
[2022-09-29T20:17:40.838] [DEBUG] cheese - null
[2022-09-29T20:18:51.581] [DEBUG] cheese - login => username:admin,password:123456
[2022-09-29T20:18:51.581] [DEBUG] cheese - admin
[2022-09-29T20:18:51.582] [DEBUG] cheese - null
[2022-09-29T20:18:51.582] [DEBUG] cheese - null
[2022-09-29T20:19:47.838] [DEBUG] cheese - login => username:admin,password:123456
[2022-09-29T20:19:47.838] [DEBUG] cheese - admin
[2022-09-29T20:19:47.839] [DEBUG] cheese - null
[2022-09-29T20:19:47.846] [DEBUG] cheese - null
[2022-09-29T20:24:47.821] [DEBUG] cheese - login => username:admin,password:123456
[2022-09-29T20:24:47.821] [DEBUG] cheese - admin
[2022-09-29T20:24:47.823] [DEBUG] cheese - null
[2022-09-29T20:24:47.824] [DEBUG] cheese - null
[2022-09-29T20:28:03.074] [DEBUG] cheese - login => username:admin,password:123456
[2022-09-29T20:28:03.075] [DEBUG] cheese - admin
[2022-09-29T20:28:03.083] [DEBUG] cheese - null
[2022-09-29T20:28:03.084] [DEBUG] cheese - null
[2022-09-29T20:30:03.706] [DEBUG] cheese - login => username:admin,password:123456
[2022-09-29T20:30:03.706] [DEBUG] cheese - admin
[2022-09-29T20:30:03.708] [DEBUG] cheese - null
[2022-09-29T20:30:03.708] [DEBUG] cheese - null
[2022-09-29T20:31:29.394] [DEBUG] cheese - login => username:admin,password:123456
[2022-09-29T20:31:29.394] [DEBUG] cheese - admin
[2022-09-29T20:31:29.395] [DEBUG] cheese - null
[2022-09-29T20:31:29.395] [DEBUG] cheese - null
[2022-10-06T22:31:52.650] [DEBUG] cheese - login => username:admin,password:123456
[2022-10-06T22:31:52.652] [DEBUG] cheese - admin
[2022-10-06T22:31:52.691] [DEBUG] cheese - null
[2022-10-06T22:31:52.692] [DEBUG] cheese - null
[2022-10-07T13:23:11.702] [DEBUG] cheese - login => username:admin,password:123456
[2022-10-07T13:23:11.705] [DEBUG] cheese - admin
[2022-10-07T13:23:11.762] [DEBUG] cheese - null
[2022-10-07T13:23:11.762] [DEBUG] cheese - null
[2022-10-07T14:06:51.932] [DEBUG] cheese - login => username:admin,password:123456
[2022-10-07T14:06:51.932] [DEBUG] cheese - admin
[2022-10-07T14:06:51.935] [DEBUG] cheese - null
[2022-10-07T14:06:51.935] [DEBUG] cheese - null
[2022-10-07T19:05:23.025] [DEBUG] cheese - login => username:admin,password:123456
[2022-10-07T19:05:23.027] [DEBUG] cheese - admin
[2022-10-07T19:05:23.031] [DEBUG] cheese - null
[2022-10-07T19:05:23.031] [DEBUG] cheese - null
[2022-10-08T11:06:31.971] [DEBUG] cheese - login => username:admin,password:123456
[2022-10-08T11:06:31.973] [DEBUG] cheese - admin
[2022-10-08T11:06:32.011] [DEBUG] cheese - null
[2022-10-08T11:06:32.013] [DEBUG] cheese - null
[2022-10-08T22:30:12.986] [DEBUG] cheese - null
[2022-10-08T22:32:45.352] [DEBUG] cheese - null
[2022-10-09T00:05:01.329] [DEBUG] cheese - login => username:admin,password:123456
[2022-10-09T00:05:01.336] [DEBUG] cheese - admin
[2022-10-09T00:05:01.341] [DEBUG] cheese - null
[2022-10-09T00:05:01.342] [DEBUG] cheese - null
[2022-10-09T12:13:04.398] [DEBUG] cheese - login => username:admin,password:123456
[2022-10-09T12:13:04.405] [DEBUG] cheese - admin
[2022-10-09T12:13:04.409] [DEBUG] cheese - null
[2022-10-09T12:13:04.409] [DEBUG] cheese - null
[2022-10-09T12:38:50.240] [DEBUG] cheese - login => username:admin,password:123456
[2022-10-09T12:38:50.240] [DEBUG] cheese - admin
[2022-10-09T12:38:50.242] [DEBUG] cheese - null
[2022-10-09T12:38:50.242] [DEBUG] cheese - null
[2022-10-09T12:46:27.940] [DEBUG] cheese - login => username:admin,password:123456
[2022-10-09T12:46:27.941] [DEBUG] cheese - admin
[2022-10-09T12:46:27.953] [DEBUG] cheese - null
[2022-10-09T12:46:27.954] [DEBUG] cheese - null
[2022-10-09T12:49:29.325] [DEBUG] cheese - null
[2022-10-09T13:47:06.867] [DEBUG] cheese - login => username:admin,password:123456
[2022-10-09T13:47:06.868] [DEBUG] cheese - admin
[2022-10-09T13:47:06.880] [DEBUG] cheese - null
[2022-10-09T13:47:06.880] [DEBUG] cheese - null
[2022-10-09T14:37:57.347] [DEBUG] cheese - login => username:admin,password:123456
[2022-10-09T14:37:57.349] [DEBUG] cheese - admin
[2022-10-09T14:37:57.399] [DEBUG] cheese - null
[2022-10-09T14:37:57.399] [DEBUG] cheese - null
[2022-10-09T16:07:22.069] [DEBUG] cheese - login => username:admin,password:123456
[2022-10-09T16:07:22.071] [DEBUG] cheese - admin
[2022-10-09T16:07:22.085] [DEBUG] cheese - null
[2022-10-09T16:07:22.086] [DEBUG] cheese - null
[2022-10-09T16:11:27.942] [DEBUG] cheese - login => username:admin,password:123456
[2022-10-09T16:11:27.944] [DEBUG] cheese - admin
[2022-10-09T16:11:27.962] [DEBUG] cheese - null
[2022-10-09T16:11:27.964] [DEBUG] cheese - null
[2022-10-09T16:13:35.161] [DEBUG] cheese - login => username:admin,password:123456
[2022-10-09T16:13:35.163] [DEBUG] cheese - admin
[2022-10-09T16:13:35.179] [DEBUG] cheese - null
[2022-10-09T16:13:35.180] [DEBUG] cheese - null
[2022-10-10T16:21:04.986] [DEBUG] cheese - login => username:admin,password:123456
[2022-10-10T16:21:04.987] [DEBUG] cheese - admin
[2022-10-10T16:21:05.004] [DEBUG] cheese - null
[2022-10-10T16:21:05.005] [DEBUG] cheese - null
[2022-10-10T20:12:11.458] [DEBUG] cheese - login => username:admin,password:123456
[2022-10-10T20:12:11.462] [DEBUG] cheese - admin
[2022-10-10T20:12:11.467] [DEBUG] cheese - null
[2022-10-10T20:12:11.468] [DEBUG] cheese - null
[2022-10-10T20:47:33.190] [DEBUG] cheese - login => username:admin,password:123456
[2022-10-10T20:47:33.192] [DEBUG] cheese - admin
[2022-10-10T20:47:33.221] [DEBUG] cheese - null
[2022-10-10T20:47:33.222] [DEBUG] cheese - null
[2022-10-10T21:56:36.177] [DEBUG] cheese - login => username:admin,password:123456
[2022-10-10T21:56:36.178] [DEBUG] cheese - admin
[2022-10-10T21:56:36.181] [DEBUG] cheese - null
[2022-10-10T21:56:36.182] [DEBUG] cheese - null
[2022-10-11T17:38:42.467] [DEBUG] cheese - login => username:admin,password:123456
[2022-10-11T17:38:42.468] [DEBUG] cheese - admin
[2022-10-11T17:38:42.495] [DEBUG] cheese - null
[2022-10-11T17:38:42.496] [DEBUG] cheese - null
[2022-10-12T10:16:09.098] [DEBUG] cheese - login => username:admin,password:123456
[2022-10-12T10:16:09.100] [DEBUG] cheese - admin
[2022-10-12T10:16:09.172] [DEBUG] cheese - null
[2022-10-12T10:16:09.172] [DEBUG] cheese - null
[2022-10-12T15:50:48.418] [DEBUG] cheese - login => username:admin,password:123456
[2022-10-12T15:50:48.419] [DEBUG] cheese - admin
[2022-10-12T15:50:48.436] [DEBUG] cheese - null
[2022-10-12T15:50:48.436] [DEBUG] cheese - null
[2022-10-12T18:52:44.499] [DEBUG] cheese - login => username:admin,password:123456
[2022-10-12T18:52:44.502] [DEBUG] cheese - admin
[2022-10-12T18:52:44.536] [DEBUG] cheese - null
[2022-10-12T18:52:44.536] [DEBUG] cheese - null
[2022-10-13T10:21:37.879] [DEBUG] cheese - login => username:admin,password:123456
[2022-10-13T10:21:37.881] [DEBUG] cheese - admin
[2022-10-13T10:21:37.911] [DEBUG] cheese - null
[2022-10-13T10:21:37.912] [DEBUG] cheese - null
[2022-10-13T11:02:54.909] [DEBUG] cheese - login => username:admin,password:123456
[2022-10-13T11:02:54.911] [DEBUG] cheese - admin
[2022-10-13T11:02:54.920] [DEBUG] cheese - null
[2022-10-13T11:02:54.921] [DEBUG] cheese - null
[2022-10-13T17:38:20.679] [DEBUG] cheese - login => username:admin,password:123456
[2022-10-13T17:38:20.686] [DEBUG] cheese - admin
[2022-10-13T17:38:20.689] [DEBUG] cheese - null
[2022-10-13T17:38:20.690] [DEBUG] cheese - null
[2022-10-14T19:17:42.581] [DEBUG] cheese - login => username:admin,password:123456
[2022-10-14T19:17:42.590] [DEBUG] cheese - admin
[2022-10-14T19:17:42.615] [DEBUG] cheese - null
[2022-10-14T19:17:42.617] [DEBUG] cheese - null
[2022-10-14T22:11:44.174] [DEBUG] cheese - login => username:admin,password:123456
[2022-10-14T22:11:44.177] [DEBUG] cheese - admin
[2022-10-14T22:11:44.215] [DEBUG] cheese - null
[2022-10-14T22:11:44.215] [DEBUG] cheese - null
[2022-10-15T18:32:22.226] [DEBUG] cheese - login => username:admin,password:123456
[2022-10-15T18:32:22.232] [DEBUG] cheese - admin
[2022-10-15T18:32:22.241] [DEBUG] cheese - null
[2022-10-15T18:32:22.242] [DEBUG] cheese - null
[2022-10-15T21:15:06.908] [DEBUG] cheese - login => username:admin,password:123456
[2022-10-15T21:15:06.909] [DEBUG] cheese - admin
[2022-10-15T21:15:06.913] [DEBUG] cheese - null
[2022-10-15T21:15:06.914] [DEBUG] cheese - null
[2022-10-15T22:15:00.951] [DEBUG] cheese - login => username:admin,password:123456
[2022-10-15T22:15:00.953] [DEBUG] cheese - admin
[2022-10-15T22:15:00.958] [DEBUG] cheese - null
[2022-10-15T22:15:00.958] [DEBUG] cheese - null
[2022-10-15T23:04:54.523] [DEBUG] cheese - null
[2022-10-16T13:22:02.295] [DEBUG] cheese - login => username:admin,password:123456
[2022-10-16T13:22:02.297] [DEBUG] cheese - admin
[2022-10-16T13:22:02.310] [DEBUG] cheese - null
[2022-10-16T13:22:02.311] [DEBUG] cheese - null
[2022-10-16T13:43:01.424] [DEBUG] cheese - login => username:admin,password:123456
[2022-10-16T13:43:01.428] [DEBUG] cheese - admin
[2022-10-16T13:43:01.436] [DEBUG] cheese - null
[2022-10-16T13:43:01.437] [DEBUG] cheese - null
[2022-10-16T13:45:05.212] [DEBUG] cheese - login => username:admin,password:123456
[2022-10-16T13:45:05.213] [DEBUG] cheese - admin
[2022-10-16T13:45:05.223] [DEBUG] cheese - null
[2022-10-16T13:45:05.224] [DEBUG] cheese - null
[2022-10-16T13:46:13.867] [DEBUG] cheese - login => username:admin,password:123456
[2022-10-16T13:46:13.870] [DEBUG] cheese - admin
[2022-10-16T13:46:13.891] [DEBUG] cheese - null
[2022-10-16T13:46:13.892] [DEBUG] cheese - null
[2022-10-16T14:00:19.850] [DEBUG] cheese - login => username:admin,password:123456
[2022-10-16T14:00:19.851] [DEBUG] cheese - admin
[2022-10-16T14:00:19.858] [DEBUG] cheese - null
[2022-10-16T14:00:19.858] [DEBUG] cheese - null
[2022-10-16T14:00:32.723] [DEBUG] cheese - login => username:admin,password:123456
[2022-10-16T14:00:32.723] [DEBUG] cheese - admin
[2022-10-16T14:00:32.726] [DEBUG] cheese - null
[2022-10-16T14:00:32.726] [DEBUG] cheese - null
[2022-10-16T14:00:34.012] [DEBUG] cheese - login => username:admin,password:123456
[2022-10-16T14:00:34.013] [DEBUG] cheese - admin
[2022-10-16T14:00:34.015] [DEBUG] cheese - null
[2022-10-16T14:00:34.015] [DEBUG] cheese - null
[2022-10-16T14:01:49.649] [DEBUG] cheese - login => username:admin,password:123456
[2022-10-16T14:01:49.649] [DEBUG] cheese - admin
[2022-10-16T14:01:49.652] [DEBUG] cheese - null
[2022-10-16T14:01:49.653] [DEBUG] cheese - null
[2022-10-16T16:20:10.906] [DEBUG] cheese - login => username:admin,password:123456
[2022-10-16T16:20:10.908] [DEBUG] cheese - admin
[2022-10-16T16:20:10.913] [DEBUG] cheese - null
[2022-10-16T16:20:10.914] [DEBUG] cheese - null
